<?xml version="1.0" encoding="UTF-8"?>
<testsuite xmlns:xsi="http://www.w3.org/2001/XMLSchema-instance" xsi:noNamespaceSchemaLocation="https://maven.apache.org/surefire/maven-surefire-plugin/xsd/surefire-test-report.xsd" name="com.yls.word_springboot.WordSpringbootApplicationTests" time="0" tests="1" errors="0" skipped="0" failures="0">
  <properties>
    <property name="socksProxyHost" value="127.0.0.1"/>
    <property name="http.proxyHost" value="127.0.0.1"/>
    <property name="java.specification.version" value="17"/>
    <property name="sun.jnu.encoding" value="UTF-8"/>
    <property name="java.class.path" value="/Users/yanglinsen/Desktop/WordBank/word_springboot/target/test-classes:/Users/yanglinsen/Desktop/WordBank/word_springboot/target/classes:/usr/local/apache-maven-3.8.8/localRepository/org/springframework/boot/spring-boot-starter-jdbc/3.0.0/spring-boot-starter-jdbc-3.0.0.jar:/usr/local/apache-maven-3.8.8/localRepository/org/springframework/boot/spring-boot-starter/3.0.0/spring-boot-starter-3.0.0.jar:/usr/local/apache-maven-3.8.8/localRepository/org/springframework/boot/spring-boot/3.0.0/spring-boot-3.0.0.jar:/usr/local/apache-maven-3.8.8/localRepository/org/springframework/boot/spring-boot-autoconfigure/3.0.0/spring-boot-autoconfigure-3.0.0.jar:/usr/local/apache-maven-3.8.8/localRepository/org/springframework/boot/spring-boot-starter-logging/3.0.0/spring-boot-starter-logging-3.0.0.jar:/usr/local/apache-maven-3.8.8/localRepository/ch/qos/logback/logback-classic/1.4.5/logback-classic-1.4.5.jar:/usr/local/apache-maven-3.8.8/localRepository/ch/qos/logback/logback-core/1.4.5/logback-core-1.4.5.jar:/usr/local/apache-maven-3.8.8/localRepository/org/apache/logging/log4j/log4j-to-slf4j/2.19.0/log4j-to-slf4j-2.19.0.jar:/usr/local/apache-maven-3.8.8/localRepository/org/apache/logging/log4j/log4j-api/2.19.0/log4j-api-2.19.0.jar:/usr/local/apache-maven-3.8.8/localRepository/org/slf4j/jul-to-slf4j/2.0.4/jul-to-slf4j-2.0.4.jar:/usr/local/apache-maven-3.8.8/localRepository/jakarta/annotation/jakarta.annotation-api/2.1.1/jakarta.annotation-api-2.1.1.jar:/usr/local/apache-maven-3.8.8/localRepository/org/yaml/snakeyaml/1.33/snakeyaml-1.33.jar:/usr/local/apache-maven-3.8.8/localRepository/com/zaxxer/HikariCP/5.0.1/HikariCP-5.0.1.jar:/usr/local/apache-maven-3.8.8/localRepository/org/slf4j/slf4j-api/2.0.4/slf4j-api-2.0.4.jar:/usr/local/apache-maven-3.8.8/localRepository/org/springframework/spring-jdbc/6.0.2/spring-jdbc-6.0.2.jar:/usr/local/apache-maven-3.8.8/localRepository/org/springframework/spring-beans/6.0.2/spring-beans-6.0.2.jar:/usr/local/apache-maven-3.8.8/localRepository/org/springframework/spring-tx/6.0.2/spring-tx-6.0.2.jar:/usr/local/apache-maven-3.8.8/localRepository/org/springframework/boot/spring-boot-starter-web/3.0.0/spring-boot-starter-web-3.0.0.jar:/usr/local/apache-maven-3.8.8/localRepository/org/springframework/boot/spring-boot-starter-json/3.0.0/spring-boot-starter-json-3.0.0.jar:/usr/local/apache-maven-3.8.8/localRepository/com/fasterxml/jackson/datatype/jackson-datatype-jdk8/2.14.1/jackson-datatype-jdk8-2.14.1.jar:/usr/local/apache-maven-3.8.8/localRepository/com/fasterxml/jackson/datatype/jackson-datatype-jsr310/2.14.1/jackson-datatype-jsr310-2.14.1.jar:/usr/local/apache-maven-3.8.8/localRepository/com/fasterxml/jackson/module/jackson-module-parameter-names/2.14.1/jackson-module-parameter-names-2.14.1.jar:/usr/local/apache-maven-3.8.8/localRepository/org/springframework/boot/spring-boot-starter-tomcat/3.0.0/spring-boot-starter-tomcat-3.0.0.jar:/usr/local/apache-maven-3.8.8/localRepository/org/apache/tomcat/embed/tomcat-embed-core/10.1.1/tomcat-embed-core-10.1.1.jar:/usr/local/apache-maven-3.8.8/localRepository/org/apache/tomcat/embed/tomcat-embed-websocket/10.1.1/tomcat-embed-websocket-10.1.1.jar:/usr/local/apache-maven-3.8.8/localRepository/org/springframework/spring-web/6.0.2/spring-web-6.0.2.jar:/usr/local/apache-maven-3.8.8/localRepository/io/micrometer/micrometer-observation/1.10.2/micrometer-observation-1.10.2.jar:/usr/local/apache-maven-3.8.8/localRepository/io/micrometer/micrometer-commons/1.10.2/micrometer-commons-1.10.2.jar:/usr/local/apache-maven-3.8.8/localRepository/org/springframework/spring-webmvc/6.0.2/spring-webmvc-6.0.2.jar:/usr/local/apache-maven-3.8.8/localRepository/org/springframework/spring-context/6.0.2/spring-context-6.0.2.jar:/usr/local/apache-maven-3.8.8/localRepository/org/springframework/spring-expression/6.0.2/spring-expression-6.0.2.jar:/usr/local/apache-maven-3.8.8/localRepository/org/mybatis/spring/boot/mybatis-spring-boot-starter/3.0.4/mybatis-spring-boot-starter-3.0.4.jar:/usr/local/apache-maven-3.8.8/localRepository/org/mybatis/spring/boot/mybatis-spring-boot-autoconfigure/3.0.4/mybatis-spring-boot-autoconfigure-3.0.4.jar:/usr/local/apache-maven-3.8.8/localRepository/org/mybatis/mybatis/3.5.17/mybatis-3.5.17.jar:/usr/local/apache-maven-3.8.8/localRepository/org/mybatis/mybatis-spring/3.0.4/mybatis-spring-3.0.4.jar:/usr/local/apache-maven-3.8.8/localRepository/org/projectlombok/lombok/1.18.34/lombok-1.18.34.jar:/usr/local/apache-maven-3.8.8/localRepository/com/mysql/mysql-connector-j/8.0.31/mysql-connector-j-8.0.31.jar:/usr/local/apache-maven-3.8.8/localRepository/org/springframework/boot/spring-boot-starter-test/3.0.0/spring-boot-starter-test-3.0.0.jar:/usr/local/apache-maven-3.8.8/localRepository/org/springframework/boot/spring-boot-test/3.0.0/spring-boot-test-3.0.0.jar:/usr/local/apache-maven-3.8.8/localRepository/org/springframework/boot/spring-boot-test-autoconfigure/3.0.0/spring-boot-test-autoconfigure-3.0.0.jar:/usr/local/apache-maven-3.8.8/localRepository/com/jayway/jsonpath/json-path/2.7.0/json-path-2.7.0.jar:/usr/local/apache-maven-3.8.8/localRepository/net/minidev/json-smart/2.4.8/json-smart-2.4.8.jar:/usr/local/apache-maven-3.8.8/localRepository/net/minidev/accessors-smart/2.4.8/accessors-smart-2.4.8.jar:/usr/local/apache-maven-3.8.8/localRepository/org/ow2/asm/asm/9.1/asm-9.1.jar:/usr/local/apache-maven-3.8.8/localRepository/jakarta/xml/bind/jakarta.xml.bind-api/4.0.0/jakarta.xml.bind-api-4.0.0.jar:/usr/local/apache-maven-3.8.8/localRepository/jakarta/activation/jakarta.activation-api/2.1.0/jakarta.activation-api-2.1.0.jar:/usr/local/apache-maven-3.8.8/localRepository/org/assertj/assertj-core/3.23.1/assertj-core-3.23.1.jar:/usr/local/apache-maven-3.8.8/localRepository/net/bytebuddy/byte-buddy/1.12.19/byte-buddy-1.12.19.jar:/usr/local/apache-maven-3.8.8/localRepository/org/hamcrest/hamcrest/2.2/hamcrest-2.2.jar:/usr/local/apache-maven-3.8.8/localRepository/org/junit/jupiter/junit-jupiter/5.9.1/junit-jupiter-5.9.1.jar:/usr/local/apache-maven-3.8.8/localRepository/org/junit/jupiter/junit-jupiter-api/5.9.1/junit-jupiter-api-5.9.1.jar:/usr/local/apache-maven-3.8.8/localRepository/org/opentest4j/opentest4j/1.2.0/opentest4j-1.2.0.jar:/usr/local/apache-maven-3.8.8/localRepository/org/junit/platform/junit-platform-commons/1.9.1/junit-platform-commons-1.9.1.jar:/usr/local/apache-maven-3.8.8/localRepository/org/apiguardian/apiguardian-api/1.1.2/apiguardian-api-1.1.2.jar:/usr/local/apache-maven-3.8.8/localRepository/org/junit/jupiter/junit-jupiter-params/5.9.1/junit-jupiter-params-5.9.1.jar:/usr/local/apache-maven-3.8.8/localRepository/org/junit/jupiter/junit-jupiter-engine/5.9.1/junit-jupiter-engine-5.9.1.jar:/usr/local/apache-maven-3.8.8/localRepository/org/junit/platform/junit-platform-engine/1.9.1/junit-platform-engine-1.9.1.jar:/usr/local/apache-maven-3.8.8/localRepository/org/mockito/mockito-core/4.8.1/mockito-core-4.8.1.jar:/usr/local/apache-maven-3.8.8/localRepository/net/bytebuddy/byte-buddy-agent/1.12.19/byte-buddy-agent-1.12.19.jar:/usr/local/apache-maven-3.8.8/localRepository/org/objenesis/objenesis/3.2/objenesis-3.2.jar:/usr/local/apache-maven-3.8.8/localRepository/org/mockito/mockito-junit-jupiter/4.8.1/mockito-junit-jupiter-4.8.1.jar:/usr/local/apache-maven-3.8.8/localRepository/org/skyscreamer/jsonassert/1.5.1/jsonassert-1.5.1.jar:/usr/local/apache-maven-3.8.8/localRepository/com/vaadin/external/google/android-json/0.0.20131108.vaadin1/android-json-0.0.20131108.vaadin1.jar:/usr/local/apache-maven-3.8.8/localRepository/org/springframework/spring-core/6.0.2/spring-core-6.0.2.jar:/usr/local/apache-maven-3.8.8/localRepository/org/springframework/spring-jcl/6.0.2/spring-jcl-6.0.2.jar:/usr/local/apache-maven-3.8.8/localRepository/org/springframework/spring-test/6.0.2/spring-test-6.0.2.jar:/usr/local/apache-maven-3.8.8/localRepository/org/xmlunit/xmlunit-core/2.9.0/xmlunit-core-2.9.0.jar:/usr/local/apache-maven-3.8.8/localRepository/org/springframework/boot/spring-boot-starter-security/3.0.0/spring-boot-starter-security-3.0.0.jar:/usr/local/apache-maven-3.8.8/localRepository/org/springframework/spring-aop/6.0.2/spring-aop-6.0.2.jar:/usr/local/apache-maven-3.8.8/localRepository/org/springframework/security/spring-security-config/6.0.0/spring-security-config-6.0.0.jar:/usr/local/apache-maven-3.8.8/localRepository/org/springframework/security/spring-security-core/6.0.0/spring-security-core-6.0.0.jar:/usr/local/apache-maven-3.8.8/localRepository/org/springframework/security/spring-security-crypto/6.0.0/spring-security-crypto-6.0.0.jar:/usr/local/apache-maven-3.8.8/localRepository/org/springframework/security/spring-security-web/6.0.0/spring-security-web-6.0.0.jar:/usr/local/apache-maven-3.8.8/localRepository/org/springframework/boot/spring-boot-starter-validation/3.0.0/spring-boot-starter-validation-3.0.0.jar:/usr/local/apache-maven-3.8.8/localRepository/org/apache/tomcat/embed/tomcat-embed-el/10.1.1/tomcat-embed-el-10.1.1.jar:/usr/local/apache-maven-3.8.8/localRepository/org/hibernate/validator/hibernate-validator/8.0.0.Final/hibernate-validator-8.0.0.Final.jar:/usr/local/apache-maven-3.8.8/localRepository/jakarta/validation/jakarta.validation-api/3.0.2/jakarta.validation-api-3.0.2.jar:/usr/local/apache-maven-3.8.8/localRepository/org/jboss/logging/jboss-logging/3.5.0.Final/jboss-logging-3.5.0.Final.jar:/usr/local/apache-maven-3.8.8/localRepository/com/fasterxml/classmate/1.5.1/classmate-1.5.1.jar:/usr/local/apache-maven-3.8.8/localRepository/com/auth0/java-jwt/4.4.0/java-jwt-4.4.0.jar:/usr/local/apache-maven-3.8.8/localRepository/com/fasterxml/jackson/core/jackson-databind/2.14.1/jackson-databind-2.14.1.jar:/usr/local/apache-maven-3.8.8/localRepository/com/fasterxml/jackson/core/jackson-annotations/2.14.1/jackson-annotations-2.14.1.jar:/usr/local/apache-maven-3.8.8/localRepository/com/fasterxml/jackson/core/jackson-core/2.14.1/jackson-core-2.14.1.jar:/usr/local/apache-maven-3.8.8/localRepository/org/mybatis/spring/boot/mybatis-spring-boot-starter-test/3.0.4/mybatis-spring-boot-starter-test-3.0.4.jar:/usr/local/apache-maven-3.8.8/localRepository/org/mybatis/spring/boot/mybatis-spring-boot-test-autoconfigure/3.0.4/mybatis-spring-boot-test-autoconfigure-3.0.4.jar:"/>
    <property name="https.proxyPort" value="7897"/>
    <property name="java.vm.vendor" value="Oracle Corporation"/>
    <property name="sun.arch.data.model" value="64"/>
    <property name="java.vendor.url" value="https://java.oracle.com/"/>
    <property name="os.name" value="Mac OS X"/>
    <property name="java.vm.specification.version" value="17"/>
    <property name="sun.java.launcher" value="SUN_STANDARD"/>
    <property name="user.country" value="CN"/>
    <property name="sun.boot.library.path" value="/Library/Java/JavaVirtualMachines/jdk-17.jdk/Contents/Home/lib"/>
    <property name="sun.java.command" value="/Users/yanglinsen/Desktop/WordBank/word_springboot/target/surefire/surefirebooter1860534205729336635.jar /Users/yanglinsen/Desktop/WordBank/word_springboot/target/surefire 2025-06-23T18-23-28_656-jvmRun1 surefire5365457943233053027tmp surefire_03894039660921396562tmp"/>
    <property name="http.nonProxyHosts" value="127.0.0.1|192.168.0.0/16|*.192.168.0.0/16|10.0.0.0/8|*.10.0.0.0/8|172.16.0.0/12|*.172.16.0.0/12|localhost|*.localhost|local|*.local|crashlytics.com|*.crashlytics.com|&lt;local&gt;|*.&lt;local&gt;"/>
    <property name="jdk.debug" value="release"/>
    <property name="surefire.test.class.path" value="/Users/yanglinsen/Desktop/WordBank/word_springboot/target/test-classes:/Users/yanglinsen/Desktop/WordBank/word_springboot/target/classes:/usr/local/apache-maven-3.8.8/localRepository/org/springframework/boot/spring-boot-starter-jdbc/3.0.0/spring-boot-starter-jdbc-3.0.0.jar:/usr/local/apache-maven-3.8.8/localRepository/org/springframework/boot/spring-boot-starter/3.0.0/spring-boot-starter-3.0.0.jar:/usr/local/apache-maven-3.8.8/localRepository/org/springframework/boot/spring-boot/3.0.0/spring-boot-3.0.0.jar:/usr/local/apache-maven-3.8.8/localRepository/org/springframework/boot/spring-boot-autoconfigure/3.0.0/spring-boot-autoconfigure-3.0.0.jar:/usr/local/apache-maven-3.8.8/localRepository/org/springframework/boot/spring-boot-starter-logging/3.0.0/spring-boot-starter-logging-3.0.0.jar:/usr/local/apache-maven-3.8.8/localRepository/ch/qos/logback/logback-classic/1.4.5/logback-classic-1.4.5.jar:/usr/local/apache-maven-3.8.8/localRepository/ch/qos/logback/logback-core/1.4.5/logback-core-1.4.5.jar:/usr/local/apache-maven-3.8.8/localRepository/org/apache/logging/log4j/log4j-to-slf4j/2.19.0/log4j-to-slf4j-2.19.0.jar:/usr/local/apache-maven-3.8.8/localRepository/org/apache/logging/log4j/log4j-api/2.19.0/log4j-api-2.19.0.jar:/usr/local/apache-maven-3.8.8/localRepository/org/slf4j/jul-to-slf4j/2.0.4/jul-to-slf4j-2.0.4.jar:/usr/local/apache-maven-3.8.8/localRepository/jakarta/annotation/jakarta.annotation-api/2.1.1/jakarta.annotation-api-2.1.1.jar:/usr/local/apache-maven-3.8.8/localRepository/org/yaml/snakeyaml/1.33/snakeyaml-1.33.jar:/usr/local/apache-maven-3.8.8/localRepository/com/zaxxer/HikariCP/5.0.1/HikariCP-5.0.1.jar:/usr/local/apache-maven-3.8.8/localRepository/org/slf4j/slf4j-api/2.0.4/slf4j-api-2.0.4.jar:/usr/local/apache-maven-3.8.8/localRepository/org/springframework/spring-jdbc/6.0.2/spring-jdbc-6.0.2.jar:/usr/local/apache-maven-3.8.8/localRepository/org/springframework/spring-beans/6.0.2/spring-beans-6.0.2.jar:/usr/local/apache-maven-3.8.8/localRepository/org/springframework/spring-tx/6.0.2/spring-tx-6.0.2.jar:/usr/local/apache-maven-3.8.8/localRepository/org/springframework/boot/spring-boot-starter-web/3.0.0/spring-boot-starter-web-3.0.0.jar:/usr/local/apache-maven-3.8.8/localRepository/org/springframework/boot/spring-boot-starter-json/3.0.0/spring-boot-starter-json-3.0.0.jar:/usr/local/apache-maven-3.8.8/localRepository/com/fasterxml/jackson/datatype/jackson-datatype-jdk8/2.14.1/jackson-datatype-jdk8-2.14.1.jar:/usr/local/apache-maven-3.8.8/localRepository/com/fasterxml/jackson/datatype/jackson-datatype-jsr310/2.14.1/jackson-datatype-jsr310-2.14.1.jar:/usr/local/apache-maven-3.8.8/localRepository/com/fasterxml/jackson/module/jackson-module-parameter-names/2.14.1/jackson-module-parameter-names-2.14.1.jar:/usr/local/apache-maven-3.8.8/localRepository/org/springframework/boot/spring-boot-starter-tomcat/3.0.0/spring-boot-starter-tomcat-3.0.0.jar:/usr/local/apache-maven-3.8.8/localRepository/org/apache/tomcat/embed/tomcat-embed-core/10.1.1/tomcat-embed-core-10.1.1.jar:/usr/local/apache-maven-3.8.8/localRepository/org/apache/tomcat/embed/tomcat-embed-websocket/10.1.1/tomcat-embed-websocket-10.1.1.jar:/usr/local/apache-maven-3.8.8/localRepository/org/springframework/spring-web/6.0.2/spring-web-6.0.2.jar:/usr/local/apache-maven-3.8.8/localRepository/io/micrometer/micrometer-observation/1.10.2/micrometer-observation-1.10.2.jar:/usr/local/apache-maven-3.8.8/localRepository/io/micrometer/micrometer-commons/1.10.2/micrometer-commons-1.10.2.jar:/usr/local/apache-maven-3.8.8/localRepository/org/springframework/spring-webmvc/6.0.2/spring-webmvc-6.0.2.jar:/usr/local/apache-maven-3.8.8/localRepository/org/springframework/spring-context/6.0.2/spring-context-6.0.2.jar:/usr/local/apache-maven-3.8.8/localRepository/org/springframework/spring-expression/6.0.2/spring-expression-6.0.2.jar:/usr/local/apache-maven-3.8.8/localRepository/org/mybatis/spring/boot/mybatis-spring-boot-starter/3.0.4/mybatis-spring-boot-starter-3.0.4.jar:/usr/local/apache-maven-3.8.8/localRepository/org/mybatis/spring/boot/mybatis-spring-boot-autoconfigure/3.0.4/mybatis-spring-boot-autoconfigure-3.0.4.jar:/usr/local/apache-maven-3.8.8/localRepository/org/mybatis/mybatis/3.5.17/mybatis-3.5.17.jar:/usr/local/apache-maven-3.8.8/localRepository/org/mybatis/mybatis-spring/3.0.4/mybatis-spring-3.0.4.jar:/usr/local/apache-maven-3.8.8/localRepository/org/projectlombok/lombok/1.18.34/lombok-1.18.34.jar:/usr/local/apache-maven-3.8.8/localRepository/com/mysql/mysql-connector-j/8.0.31/mysql-connector-j-8.0.31.jar:/usr/local/apache-maven-3.8.8/localRepository/org/springframework/boot/spring-boot-starter-test/3.0.0/spring-boot-starter-test-3.0.0.jar:/usr/local/apache-maven-3.8.8/localRepository/org/springframework/boot/spring-boot-test/3.0.0/spring-boot-test-3.0.0.jar:/usr/local/apache-maven-3.8.8/localRepository/org/springframework/boot/spring-boot-test-autoconfigure/3.0.0/spring-boot-test-autoconfigure-3.0.0.jar:/usr/local/apache-maven-3.8.8/localRepository/com/jayway/jsonpath/json-path/2.7.0/json-path-2.7.0.jar:/usr/local/apache-maven-3.8.8/localRepository/net/minidev/json-smart/2.4.8/json-smart-2.4.8.jar:/usr/local/apache-maven-3.8.8/localRepository/net/minidev/accessors-smart/2.4.8/accessors-smart-2.4.8.jar:/usr/local/apache-maven-3.8.8/localRepository/org/ow2/asm/asm/9.1/asm-9.1.jar:/usr/local/apache-maven-3.8.8/localRepository/jakarta/xml/bind/jakarta.xml.bind-api/4.0.0/jakarta.xml.bind-api-4.0.0.jar:/usr/local/apache-maven-3.8.8/localRepository/jakarta/activation/jakarta.activation-api/2.1.0/jakarta.activation-api-2.1.0.jar:/usr/local/apache-maven-3.8.8/localRepository/org/assertj/assertj-core/3.23.1/assertj-core-3.23.1.jar:/usr/local/apache-maven-3.8.8/localRepository/net/bytebuddy/byte-buddy/1.12.19/byte-buddy-1.12.19.jar:/usr/local/apache-maven-3.8.8/localRepository/org/hamcrest/hamcrest/2.2/hamcrest-2.2.jar:/usr/local/apache-maven-3.8.8/localRepository/org/junit/jupiter/junit-jupiter/5.9.1/junit-jupiter-5.9.1.jar:/usr/local/apache-maven-3.8.8/localRepository/org/junit/jupiter/junit-jupiter-api/5.9.1/junit-jupiter-api-5.9.1.jar:/usr/local/apache-maven-3.8.8/localRepository/org/opentest4j/opentest4j/1.2.0/opentest4j-1.2.0.jar:/usr/local/apache-maven-3.8.8/localRepository/org/junit/platform/junit-platform-commons/1.9.1/junit-platform-commons-1.9.1.jar:/usr/local/apache-maven-3.8.8/localRepository/org/apiguardian/apiguardian-api/1.1.2/apiguardian-api-1.1.2.jar:/usr/local/apache-maven-3.8.8/localRepository/org/junit/jupiter/junit-jupiter-params/5.9.1/junit-jupiter-params-5.9.1.jar:/usr/local/apache-maven-3.8.8/localRepository/org/junit/jupiter/junit-jupiter-engine/5.9.1/junit-jupiter-engine-5.9.1.jar:/usr/local/apache-maven-3.8.8/localRepository/org/junit/platform/junit-platform-engine/1.9.1/junit-platform-engine-1.9.1.jar:/usr/local/apache-maven-3.8.8/localRepository/org/mockito/mockito-core/4.8.1/mockito-core-4.8.1.jar:/usr/local/apache-maven-3.8.8/localRepository/net/bytebuddy/byte-buddy-agent/1.12.19/byte-buddy-agent-1.12.19.jar:/usr/local/apache-maven-3.8.8/localRepository/org/objenesis/objenesis/3.2/objenesis-3.2.jar:/usr/local/apache-maven-3.8.8/localRepository/org/mockito/mockito-junit-jupiter/4.8.1/mockito-junit-jupiter-4.8.1.jar:/usr/local/apache-maven-3.8.8/localRepository/org/skyscreamer/jsonassert/1.5.1/jsonassert-1.5.1.jar:/usr/local/apache-maven-3.8.8/localRepository/com/vaadin/external/google/android-json/0.0.20131108.vaadin1/android-json-0.0.20131108.vaadin1.jar:/usr/local/apache-maven-3.8.8/localRepository/org/springframework/spring-core/6.0.2/spring-core-6.0.2.jar:/usr/local/apache-maven-3.8.8/localRepository/org/springframework/spring-jcl/6.0.2/spring-jcl-6.0.2.jar:/usr/local/apache-maven-3.8.8/localRepository/org/springframework/spring-test/6.0.2/spring-test-6.0.2.jar:/usr/local/apache-maven-3.8.8/localRepository/org/xmlunit/xmlunit-core/2.9.0/xmlunit-core-2.9.0.jar:/usr/local/apache-maven-3.8.8/localRepository/org/springframework/boot/spring-boot-starter-security/3.0.0/spring-boot-starter-security-3.0.0.jar:/usr/local/apache-maven-3.8.8/localRepository/org/springframework/spring-aop/6.0.2/spring-aop-6.0.2.jar:/usr/local/apache-maven-3.8.8/localRepository/org/springframework/security/spring-security-config/6.0.0/spring-security-config-6.0.0.jar:/usr/local/apache-maven-3.8.8/localRepository/org/springframework/security/spring-security-core/6.0.0/spring-security-core-6.0.0.jar:/usr/local/apache-maven-3.8.8/localRepository/org/springframework/security/spring-security-crypto/6.0.0/spring-security-crypto-6.0.0.jar:/usr/local/apache-maven-3.8.8/localRepository/org/springframework/security/spring-security-web/6.0.0/spring-security-web-6.0.0.jar:/usr/local/apache-maven-3.8.8/localRepository/org/springframework/boot/spring-boot-starter-validation/3.0.0/spring-boot-starter-validation-3.0.0.jar:/usr/local/apache-maven-3.8.8/localRepository/org/apache/tomcat/embed/tomcat-embed-el/10.1.1/tomcat-embed-el-10.1.1.jar:/usr/local/apache-maven-3.8.8/localRepository/org/hibernate/validator/hibernate-validator/8.0.0.Final/hibernate-validator-8.0.0.Final.jar:/usr/local/apache-maven-3.8.8/localRepository/jakarta/validation/jakarta.validation-api/3.0.2/jakarta.validation-api-3.0.2.jar:/usr/local/apache-maven-3.8.8/localRepository/org/jboss/logging/jboss-logging/3.5.0.Final/jboss-logging-3.5.0.Final.jar:/usr/local/apache-maven-3.8.8/localRepository/com/fasterxml/classmate/1.5.1/classmate-1.5.1.jar:/usr/local/apache-maven-3.8.8/localRepository/com/auth0/java-jwt/4.4.0/java-jwt-4.4.0.jar:/usr/local/apache-maven-3.8.8/localRepository/com/fasterxml/jackson/core/jackson-databind/2.14.1/jackson-databind-2.14.1.jar:/usr/local/apache-maven-3.8.8/localRepository/com/fasterxml/jackson/core/jackson-annotations/2.14.1/jackson-annotations-2.14.1.jar:/usr/local/apache-maven-3.8.8/localRepository/com/fasterxml/jackson/core/jackson-core/2.14.1/jackson-core-2.14.1.jar:/usr/local/apache-maven-3.8.8/localRepository/org/mybatis/spring/boot/mybatis-spring-boot-starter-test/3.0.4/mybatis-spring-boot-starter-test-3.0.4.jar:/usr/local/apache-maven-3.8.8/localRepository/org/mybatis/spring/boot/mybatis-spring-boot-test-autoconfigure/3.0.4/mybatis-spring-boot-test-autoconfigure-3.0.4.jar:"/>
    <property name="sun.cpu.endian" value="little"/>
    <property name="user.home" value="/Users/yanglinsen"/>
    <property name="user.language" value="zh"/>
    <property name="java.specification.vendor" value="Oracle Corporation"/>
    <property name="java.version.date" value="2024-04-16"/>
    <property name="java.home" value="/Library/Java/JavaVirtualMachines/jdk-17.jdk/Contents/Home"/>
    <property name="file.separator" value="/"/>
    <property name="https.proxyHost" value="127.0.0.1"/>
    <property name="basedir" value="/Users/yanglinsen/Desktop/WordBank/word_springboot"/>
    <property name="java.vm.compressedOopsMode" value="Zero based"/>
    <property name="line.separator" value="&#10;"/>
    <property name="java.vm.specification.vendor" value="Oracle Corporation"/>
    <property name="java.specification.name" value="Java Platform API Specification"/>
    <property name="surefire.real.class.path" value="/Users/yanglinsen/Desktop/WordBank/word_springboot/target/surefire/surefirebooter1860534205729336635.jar"/>
    <property name="user.script" value="Hans"/>
    <property name="sun.management.compiler" value="HotSpot 64-Bit Tiered Compilers"/>
    <property name="ftp.nonProxyHosts" value="127.0.0.1|192.168.0.0/16|*.192.168.0.0/16|10.0.0.0/8|*.10.0.0.0/8|172.16.0.0/12|*.172.16.0.0/12|localhost|*.localhost|local|*.local|crashlytics.com|*.crashlytics.com|&lt;local&gt;|*.&lt;local&gt;"/>
    <property name="java.runtime.version" value="17.0.11+7-LTS-207"/>
    <property name="user.name" value="yanglinsen"/>
    <property name="path.separator" value=":"/>
    <property name="os.version" value="15.5"/>
    <property name="java.runtime.name" value="Java(TM) SE Runtime Environment"/>
    <property name="file.encoding" value="UTF-8"/>
    <property name="java.vm.name" value="Java HotSpot(TM) 64-Bit Server VM"/>
    <property name="localRepository" value="/usr/local/apache-maven-3.8.8/localRepository"/>
    <property name="java.vendor.url.bug" value="https://bugreport.java.com/bugreport/"/>
    <property name="java.io.tmpdir" value="/var/folders/b6/_pymm54s0kq13z1c345gk7y80000gn/T/"/>
    <property name="idea.version" value="2024.1.6"/>
    <property name="java.version" value="17.0.11"/>
    <property name="user.dir" value="/Users/yanglinsen/Desktop/WordBank/word_springboot"/>
    <property name="os.arch" value="aarch64"/>
    <property name="socksProxyPort" value="7897"/>
    <property name="java.vm.specification.name" value="Java Virtual Machine Specification"/>
    <property name="native.encoding" value="UTF-8"/>
    <property name="java.library.path" value="/Users/yanglinsen/Library/Java/Extensions:/Library/Java/Extensions:/Network/Library/Java/Extensions:/System/Library/Java/Extensions:/usr/lib/java:."/>
    <property name="java.vm.info" value="mixed mode, sharing"/>
    <property name="java.vendor" value="Oracle Corporation"/>
    <property name="java.vm.version" value="17.0.11+7-LTS-207"/>
    <property name="sun.io.unicode.encoding" value="UnicodeBig"/>
    <property name="socksNonProxyHosts" value="127.0.0.1|192.168.0.0/16|*.192.168.0.0/16|10.0.0.0/8|*.10.0.0.0/8|172.16.0.0/12|*.172.16.0.0/12|localhost|*.localhost|local|*.local|crashlytics.com|*.crashlytics.com|&lt;local&gt;|*.&lt;local&gt;"/>
    <property name="java.class.version" value="61.0"/>
    <property name="http.proxyPort" value="7897"/>
  </properties>
  <testcase name="contextLoads" classname="com.yls.word_springboot.WordSpringbootApplicationTests" time="0"/>
</testsuite>